<?xml version="1.0" encoding="UTF-8"?>
<testsuite name="com.ixaris.twitterlite.test.MessageAdminFacadeImplTest" time="0.215" tests="31" errors="0" skipped="0" failures="0">
  <properties>
    <property name="java.runtime.name" value="Java(TM) SE Runtime Environment"/>
    <property name="sun.boot.library.path" value="C:\dev\applications\Java\jdk1.7.0_17\jre\bin"/>
    <property name="java.vm.version" value="23.7-b01"/>
    <property name="java.vm.vendor" value="Oracle Corporation"/>
    <property name="java.vendor.url" value="http://java.oracle.com/"/>
    <property name="path.separator" value=";"/>
    <property name="guice.disable.misplaced.annotation.check" value="true"/>
    <property name="java.vm.name" value="Java HotSpot(TM) 64-Bit Server VM"/>
    <property name="file.encoding.pkg" value="sun.io"/>
    <property name="user.script" value=""/>
    <property name="user.country" value="GB"/>
    <property name="sun.java.launcher" value="SUN_STANDARD"/>
    <property name="sun.os.patch.level" value=""/>
    <property name="java.vm.specification.name" value="Java Virtual Machine Specification"/>
    <property name="user.dir" value="C:\Users\chiara.felice\Documents\twitter\twitterlite-backend\twitterlite"/>
    <property name="java.runtime.version" value="1.7.0_17-b02"/>
    <property name="java.awt.graphicsenv" value="sun.awt.Win32GraphicsEnvironment"/>
    <property name="java.endorsed.dirs" value="C:\dev\applications\Java\jdk1.7.0_17\jre\lib\endorsed"/>
    <property name="os.arch" value="amd64"/>
    <property name="java.io.tmpdir" value="C:\Users\CHIARA~1.FEL\AppData\Local\Temp\"/>
    <property name="line.separator" value="&#10;"/>
    <property name="java.vm.specification.vendor" value="Oracle Corporation"/>
    <property name="user.variant" value=""/>
    <property name="os.name" value="Windows 8"/>
    <property name="classworlds.conf" value="C:\dev\applications\maven\apache-maven-3.2.1\bin\m2.conf"/>
    <property name="sun.jnu.encoding" value="Cp1252"/>
    <property name="java.library.path" value="C:\dev\applications\Java\jdk1.7.0_17\bin;C:\WINDOWS\Sun\Java\bin;C:\WINDOWS\system32;C:\WINDOWS;C:\Program Files (x86)\Intel\iCLS Client\;C:\Program Files\Intel\iCLS Client\;C:\WINDOWS\system32;C:\WINDOWS;C:\WINDOWS\System32\Wbem;C:\WINDOWS\System32\WindowsPowerShell\v1.0\;C:\Program Files\Intel\Intel(R) Management Engine Components\DAL;C:\Program Files\Intel\Intel(R) Management Engine Components\IPT;C:\Program Files (x86)\Intel\Intel(R) Management Engine Components\DAL;C:\Program Files (x86)\Intel\Intel(R) Management Engine Components\IPT;C:\ProgramData\Lenovo\ReadyApps;C:\Program Files\TortoiseSVN\bin;C:\Program Files\Intel\WiFi\bin\;C:\Program Files\Common Files\Intel\WirelessCommon\;C:\dev\applications\Java\jdk1.7.0_17\bin;C:\dev\applications\maven\apache-maven-3.2.1\bin;C:\dev\applications\Groovy\bin;C:\dev\applications\PuTTY;C:\dev\applications\mongodb\mongodb-win32-x86_64-2008plus-2.6.3\bin;C:\dev\applications\Git\cmd;C:\dev\applications\Git\bin;C:\dev\applications\nodejs\;C:\Program Files (x86)\Common Files\Acronis\SnapAPI\;C:\dev\applications\apache-maven-3.2.1\bin;C:\dev\applications\groovy\groovy-2.1.2-installer.exe;."/>
    <property name="java.specification.name" value="Java Platform API Specification"/>
    <property name="java.class.version" value="51.0"/>
    <property name="sun.management.compiler" value="HotSpot 64-Bit Tiered Compilers"/>
    <property name="os.version" value="6.2"/>
    <property name="user.home" value="C:\Users\chiara.felice"/>
    <property name="user.timezone" value="Europe/Berlin"/>
    <property name="java.awt.printerjob" value="sun.awt.windows.WPrinterJob"/>
    <property name="java.specification.version" value="1.7"/>
    <property name="file.encoding" value="Cp1252"/>
    <property name="user.name" value="chiara.felice"/>
    <property name="java.class.path" value="C:\dev\applications\maven\apache-maven-3.2.1\boot\plexus-classworlds-2.5.1.jar"/>
    <property name="org.slf4j.simpleLogger.defaultLogLevel" value="info"/>
    <property name="java.vm.specification.version" value="1.7"/>
    <property name="sun.arch.data.model" value="64"/>
    <property name="java.home" value="C:\dev\applications\Java\jdk1.7.0_17\jre"/>
    <property name="sun.java.command" value="org.codehaus.plexus.classworlds.launcher.Launcher clean install"/>
    <property name="java.specification.vendor" value="Oracle Corporation"/>
    <property name="user.language" value="en"/>
    <property name="awt.toolkit" value="sun.awt.windows.WToolkit"/>
    <property name="java.vm.info" value="mixed mode"/>
    <property name="java.version" value="1.7.0_17"/>
    <property name="java.ext.dirs" value="C:\dev\applications\Java\jdk1.7.0_17\jre\lib\ext;C:\WINDOWS\Sun\Java\lib\ext"/>
    <property name="sun.boot.class.path" value="C:\dev\applications\Java\jdk1.7.0_17\jre\lib\resources.jar;C:\dev\applications\Java\jdk1.7.0_17\jre\lib\rt.jar;C:\dev\applications\Java\jdk1.7.0_17\jre\lib\sunrsasign.jar;C:\dev\applications\Java\jdk1.7.0_17\jre\lib\jsse.jar;C:\dev\applications\Java\jdk1.7.0_17\jre\lib\jce.jar;C:\dev\applications\Java\jdk1.7.0_17\jre\lib\charsets.jar;C:\dev\applications\Java\jdk1.7.0_17\jre\lib\jfr.jar;C:\dev\applications\Java\jdk1.7.0_17\jre\classes"/>
    <property name="java.vendor" value="Oracle Corporation"/>
    <property name="maven.home" value="C:\dev\applications\maven\apache-maven-3.2.1"/>
    <property name="file.separator" value="\"/>
    <property name="java.vendor.url.bug" value="http://bugreport.sun.com/bugreport/"/>
    <property name="sun.cpu.endian" value="little"/>
    <property name="sun.io.unicode.encoding" value="UnicodeLittle"/>
    <property name="sun.desktop" value="windows"/>
    <property name="sun.cpu.isalist" value="amd64"/>
  </properties>
  <testcase name="testLookUpByMentioningUserNegative" classname="com.ixaris.twitterlite.test.MessageAdminFacadeImplTest" time="0.154"/>
  <testcase name="testLookUpByMentioningUserNull" classname="com.ixaris.twitterlite.test.MessageAdminFacadeImplTest" time="0"/>
  <testcase name="testLookUpByMentioningUserZero" classname="com.ixaris.twitterlite.test.MessageAdminFacadeImplTest" time="0.001"/>
  <testcase name="testLookUpByHashTagEs" classname="com.ixaris.twitterlite.test.MessageAdminFacadeImplTest" time="0.002"/>
  <testcase name="testAddMessageSuccess" classname="com.ixaris.twitterlite.test.MessageAdminFacadeImplTest" time="0.009"/>
  <testcase name="testCountMessageCorrectUsername" classname="com.ixaris.twitterlite.test.MessageAdminFacadeImplTest" time="0.016"/>
  <testcase name="testLookupMessageNegative" classname="com.ixaris.twitterlite.test.MessageAdminFacadeImplTest" time="0.001"/>
  <testcase name="testAddMessageES" classname="com.ixaris.twitterlite.test.MessageAdminFacadeImplTest" time="0.005"/>
  <testcase name="testLookUpByHashTagNull" classname="com.ixaris.twitterlite.test.MessageAdminFacadeImplTest" time="0"/>
  <testcase name="testLookUpByHashTagZero" classname="com.ixaris.twitterlite.test.MessageAdminFacadeImplTest" time="0"/>
  <testcase name="testLookUpByHashTagNegative2" classname="com.ixaris.twitterlite.test.MessageAdminFacadeImplTest" time="0"/>
  <testcase name="testLookupMessageNegative2" classname="com.ixaris.twitterlite.test.MessageAdminFacadeImplTest" time="0"/>
  <testcase name="testLookUpByHashTagNegative" classname="com.ixaris.twitterlite.test.MessageAdminFacadeImplTest" time="0"/>
  <testcase name="testHashParsingNotOk" classname="com.ixaris.twitterlite.test.MessageAdminFacadeImplTest" time="0.001"/>
  <testcase name="testAddMessageES3" classname="com.ixaris.twitterlite.test.MessageAdminFacadeImplTest" time="0.001"/>
  <testcase name="testAddMessageES4" classname="com.ixaris.twitterlite.test.MessageAdminFacadeImplTest" time="0.002"/>
  <testcase name="testHashMentionsOk" classname="com.ixaris.twitterlite.test.MessageAdminFacadeImplTest" time="0.001"/>
  <testcase name="testAddMessageNull2" classname="com.ixaris.twitterlite.test.MessageAdminFacadeImplTest" time="0.001"/>
  <testcase name="testAddMessageNull3" classname="com.ixaris.twitterlite.test.MessageAdminFacadeImplTest" time="0.001"/>
  <testcase name="testAddMessageNulls" classname="com.ixaris.twitterlite.test.MessageAdminFacadeImplTest" time="0.001"/>
  <testcase name="testLookUpByMentioningUserEs" classname="com.ixaris.twitterlite.test.MessageAdminFacadeImplTest" time="0.001"/>
  <testcase name="testLookUpByMentioningUserOK" classname="com.ixaris.twitterlite.test.MessageAdminFacadeImplTest" time="0.001"/>
  <testcase name="testLookupMessageZero2" classname="com.ixaris.twitterlite.test.MessageAdminFacadeImplTest" time="0.001"/>
  <testcase name="testAddMessageSuccess2" classname="com.ixaris.twitterlite.test.MessageAdminFacadeImplTest" time="0.007"/>
  <testcase name="testLookUpMessageSuccess" classname="com.ixaris.twitterlite.test.MessageAdminFacadeImplTest" time="0.001"/>
  <testcase name="testLookupMessageZero" classname="com.ixaris.twitterlite.test.MessageAdminFacadeImplTest" time="0.001"/>
  <testcase name="testAddMessageDbFail" classname="com.ixaris.twitterlite.test.MessageAdminFacadeImplTest" time="0.003"/>
  <testcase name="testLookUpByMentioningUserNegative2" classname="com.ixaris.twitterlite.test.MessageAdminFacadeImplTest" time="0.001"/>
  <testcase name="testCountMessageEmptyString" classname="com.ixaris.twitterlite.test.MessageAdminFacadeImplTest" time="0.001"/>
  <testcase name="testCountMessageNullUsername" classname="com.ixaris.twitterlite.test.MessageAdminFacadeImplTest" time="0.001"/>
  <testcase name="testHashParsingOk" classname="com.ixaris.twitterlite.test.MessageAdminFacadeImplTest" time="0.001"/>
</testsuite>